[log: 2021-06-02-18-53-13] 処理開始
[log: 2021-06-02-18-53-13] URL : https://www.amazon.co.jp/gp/bestsellers/kitchen/ref=zg_bs_kitchen_home_all?pf_rd_p=234a2e41-c662-4f1c-987f-e3b33cc421ff&pf_rd_s=center-1&pf_rd_t=2101&pf_rd_i=home&pf_rd_m=AN1VRQENFRJN5&pf_rd_r=69W2MBGRT6S8E3WYBSCH&pf_rd_r=69W2MBGRT6S8E3WYBSCH&pf_rd_p=234a2e41-c662-4f1c-987f-e3b33cc421ff
[log: 2021-06-02-18-53-32] ランキング商品名と商品ページurlを取得しました。
[log: 2021-06-02-18-55-24] 0件目成功 : ブリタ 浄水 ポット カートリッジ マクストラ プラス 10個(4個+6個)セット 【日本仕様・日本正規品】 塩素 水垢 不純物 除去
[log: 2021-06-02-18-57-27] 1件目成功 : セラーメイト 密封瓶 保存容器 0.5L ガラス 日本製 220001
[log: 2021-06-02-18-59-30] 2件目成功 : 【Amazon.co.jp限定】タオル研究所 [ボリュームリッチ] #003 バスタオル サンドベージュ 2枚セット ふかふか ホテル仕様 高速吸水 耐久性 人気 [毛羽レス] 【選べる5色】 Japan Technology
[log: 2021-06-02-19-01-33] 3件目成功 : タイガー魔法瓶 水筒 ワンタッチ マグボトル 6時間保温保冷 200ml 在宅 タンブラー利用可 アイスグリーンMMX-A022GI
[log: 2021-06-02-19-03-36] 4件目成功 : 【セット買い】パナソニック フェイスシェーバー フェリエ 白 ES-WF61-W & フェイスシェーバー フェリエ ウブ毛用 ゴールド ES-WF51-N
[log: 2021-06-02-19-05-39] 5件目成功 : 【Amazon.co.jp限定】タオル研究所 [毎日シンプル] #001 バスタオル ジェットブラック 2枚セット 高速吸水 速乾 耐久性 人気 大判 [毛羽レス] 【選べる7色】 Japan Technology
[log: 2021-06-02-19-07-54] 6件目成功 : 【セット買い】SALONIA サロニア ストレートヘアアイロン グレー 24mm アイロン 家電 美容 美容家電 ヘアケア MAX230℃ プロ仕様 SL-004SGR & セラミック カール ヘアアイロン 19mm ホワイト 海外対応 プロ仕様 MAX210℃
[log: 2021-06-02-19-10-58] 7件目成功 : アイリスオーヤマ LED電球 口金直径26mm 広配光 40W形相当 昼光色 2個パック 密閉器具対応 LDA4D-G-4T62P
[log: 2021-06-02-19-13-01] 8件目成功 : アイリスオーヤマ サーキュレーター 静音 首振り固定 8畳 パワフル送風 ホワイト PCF-HD15N-W
[log: 2021-06-02-19-13-09] 9件目成功 : パナソニック エチケットカッター 白 ER-GN11-W
[log: 2021-06-02-19-13-16] 10件目成功 : オムロン 電子体温計 スピード検温15秒予測 けんおんくん MC-688 ホワイト
[log: 2021-06-02-19-15-04] 11件目成功 : サーモス 水筒 真空断熱ケータイマグ ワンタッチオープンタイプ アイスグリーン 350ml JNR-351 IG
[log: 2021-06-02-19-17-07] 12件目成功 : タニタ クッキングスケール キッチン はかり 料理 デジタル 1kg 0.5g単位 ストーンホワイト KJ-114 SWH すぐにピタッとはかれる
[log: 2021-06-02-19-17-15] 13件目成功 : ブリタ 浄水器 ポット 浄水部容量:1.1L(全容量:2.2L) リクエリ マクストラプラス カートリッジ 1個付き 【日本正規品】塩素 水垢 不純物 除去
[log: 2021-06-02-19-19-10] 14件目成功 : SALONIA サロニア スピーディーイオンドライヤー ネイビー ヘアドライヤー 大風量 速乾 マイナスイオン コンパクト 軽量 メーカー1年保証 SL-013NV
[log: 2021-06-02-19-21-13] 15件目成功 : ハウスホールドジャパン レジ袋 とって付 ゴミ分別用ポリ袋 100枚入 白 TR25 約15×35×マチ10cm
[log: 2021-06-02-19-23-15] 16件目成功 : SwitchBot スイッチボット スマートホーム 学習リモコン Alexa - Google Home IFTTT イフト Siriに対応 SwitchBot Hub Mini
[log: 2021-06-02-19-25-18] 17件目成功 : トイレ掃除 スクラビングバブル 流せる トイレブラシ 付け替え用36個セット (24個入り+12個入り) フローラルソープの香り まとめ買い 使い捨て 洗剤
[log: 2021-06-02-19-27-21] 18件目成功 : オムロン 体重・体組成計 自動認識機能 HBF-226-G
[log: 2021-06-02-19-27-28] 19件目成功 : アイリスオーヤマ 扇風機 首振り 風量3段階 タイマー機能付き 換気 リビング扇 ホワイト PF-301RA-W
[log: 2021-06-02-19-29-24] 20件目成功 : 【Amazon.co.jp 限定】クモリ(Kumori) ボックスシーツ 綿100% 毛玉なし シーツ 単品売り 洗える オールシーズン ベッド/マットレス/敷き布団対応 ベッドシーツ マットレスカバー ベッドカバー(シングル・100X200cm オリーブ)
[log: 2021-06-02-19-31-27] 21件目成功 : サーモス 水筒 真空断熱スポーツボトル 0.8L ピンクスター 保冷専用 FHT-801F PKST
[log: 2021-06-02-19-33-30] 22件目成功 : タニタ 非接触体温計 BT-54X アイボリー
[log: 2021-06-02-19-35-33] 23件目成功 : Bedsure カーテン 1級遮光 小窓 ドレープカーテン オレンジ 幅100cm丈110cm 2枚組 断熱 保温 省エネ おしゃれ 昼夜目隠し 遮光カーテン 高級感のある生地 リビングルーム
[log: 2021-06-02-19-37-36] 24件目成功 : 【セット買い】パナソニック 除毛器 フェリエ VIO専用シェーバー 防水 シルバー調 ES-WV60-S & フェイスシェーバー フェリエ シルバー ES-WF41-S
[log: 2021-06-02-19-37-43] 25件目成功 : パナソニック ヘアドライヤー ナノケア ピンクゴールド EH-NA9E-PN
[log: 2021-06-02-19-37-50] 26件目成功 : オムロン上腕式血圧計 ホワイト HCR-7104
[log: 2021-06-02-19-39-55] 27件目成功 : パナソニック ラムダッシュ メンズシェーバー 3枚刃 お風呂剃り可 白 ES-ST2S-W
[log: 2021-06-02-19-40-03] 28件目成功 : レック 激コロ スゴ技カット 70周 スペア 3個入 ( カーペットクリーナー ) S-770
[log: 2021-06-02-19-41-58] 29件目成功 : VK Living 敷きパッド 夏用 シングル リバーシブル 冷感 しきぱっと ひんやり シーツ オールシーズンで使える 吸湿速乾 洗える ベッドパッド 防ダニ 抗菌防臭 一年間品質保証 100×200cm グリーン
[log: 2021-06-02-19-44-01] 30件目成功 : 夢ゲンクールタオル (グレー)
[log: 2021-06-02-19-46-04] 31件目成功 : ティファール ケトル 1.2L ジャスティンプラス ホワイト たっぷり 空焚き防止 自動電源OFF 湯沸かし KO340175
[log: 2021-06-02-19-48-06] 32件目成功 : 2021年NEWモデル Francfranc（フランフラン）公式 フレハンディファン 携帯扇風機 手持ち扇風機 卓上扇風機 USB充電式 5段階風量調整 (グレー)
[log: 2021-06-02-19-50-09] 33件目成功 : タニタ 体重 体組成計 スマホ 50g 日本製 ゴールド RD-915L GD 医療分野の技術搭載/スマホでデータ管理 インナースキャンデュアル
[log: 2021-06-02-19-51-50] 34件目成功 : タイガー 水筒 1リットル サハラ ステンレスボトル スポーツ 直飲み 広口 保冷専用 ネイビー MME-F100AS
[log: 2021-06-02-19-55-17] 35件目成功 : アスベル ゴミ箱 エバンペダルペール45L SD ブラウン
[log: 2021-06-02-19-58-21] 36件目成功 : ニトムズ コロコロ 本体 S フロアクリン フローリング・カーペット対応 30周 1巻入 C2560
[log: 2021-06-02-20-00-24] 37件目成功 : マーナ(MARNA) おさかなスポンジ・Y 3層構造スポンジ K170Y
[log: 2021-06-02-20-00-30] 38件目成功 : アイリスオーヤマ サーキュレーター アイ mini 8畳 静音 左右首振り パワフル送風 ホワイト PCF-SM12-W
[log: 2021-06-02-20-00-39] 39件目成功 : パナソニック ボディトリマー お風呂剃り可 海外対応 男性用 シルバー調 ER-GK81-S
[log: 2021-06-02-20-00-47] 40件目成功 : 三菱ケミカル・クリンスイ 浄水器 カートリッジ 交換用 MONOシリーズ ホワイト 約高さ9×直径5.5cm 13+2物質除去 MDCO1SW 2入
[log: 2021-06-02-20-00-54] 41件目成功 : 無印良品 乳液 敏感肌用 さっぱりタイプ 大容量 400mL 44293980 クリーム
[log: 2021-06-02-20-04-29] 42件目成功 : レック セスキ の 激落ちくんシート キッチン用 (4個パック) SS-291 & Ba 水の激落ちシート IH & ガスコンロ 20枚入 (アルカリ電解水使用) SS-169【セット買い】
[log: 2021-06-02-20-06-32] 43件目成功 : マキタ コードレス掃除機CL108 カプセル式 標準25分稼働/充電22分 軽量定番モデル 10.8Vバッテリ充電器付 CL108FDSHW
[log: 2021-06-02-20-08-35] 44件目成功 : サーモス 水筒 真空断熱スポーツボトル ドットピンク 0.8L FHT-800F D-P
[log: 2021-06-02-20-10-38] 45件目成功 : 【Amazon.co.jp限定】山善 扇風機 30cm リビング扇 押しボタンスイッチ 風量調節3段階 タイマー機能付き 換気 ホワイト AMT-KC30(W)
[log: 2021-06-02-20-13-42] 46件目成功 : 【Amazon限定ブランド】Imtykee デジタルスケール キッチンスケール 0.1g単位 電子スケール クッキングスケール 精密電子はかり 計量器 電子天秤 0.5gから3.0kgまで コンパクト 計量可能風袋引き機能 オートオフ機能 多用途超小型 シルバー
[log: 2021-06-02-20-15-46] 47件目成功 : アイリスオーヤマ サーキュレーター アイ 静音 上下左右首振り 18畳 パワフル送風 リモコン付き PCF-SC15T ホワイト/ブラック
[log: 2021-06-02-20-17-48] 48件目成功 : 東洋アルミ 整流板付専用パッと貼るだけスーパーフィルター 3074 & 東洋アルミ アレルブロックフィルター 約21×21cm 屋外の通気口用 花粉をキャッチ 24時間換気対応 5403 2枚入【セット買い】
[log: 2021-06-02-20-19-51] 49件目成功 : 【Amazon.co.jp 限定】チチロバ(TITIROBA) バスマット 珪藻土バスマット 風呂マット 足ふきマット 速乾 調湿 吸水性 珪藻土 キッチンマット 洗濯不要 滑り止め 浴室 洗面所 グレー DS-01-G
[log: 2021-06-02-20-21-54] 50件目成功 : パッと貼るだけホコリとりフィルター換気扇用15cm 6枚入×10点
[log: 2021-06-02-20-23-57] 51件目成功 : クイックルワイパー ブラックカラー フロア用掃除道具 本体+シート1種類(STRONG) 軽い力でスイスイかんたん! 汚れをパワフル捕集!
[log: 2021-06-02-20-26-00] 52件目成功 : クイックルハンディ替え 大容量パック 12枚
[log: 2021-06-02-20-26-07] 53件目成功 : サーモス 保冷缶ホルダー 350ml缶用 オレンジ JCB-352 OR
[log: 2021-06-02-20-28-03] 54件目成功 : レック セスキ の 激落ちくんシート フローリング 用 (4個パック) SS-292 & Ba 除菌ができる 食卓 ・ キッチン ふきん 15枚入 (アルコール除菌) SS-173【セット買い】
[log: 2021-06-02-20-30-05] 55件目成功 : Hansleep カーテン 1級遮光 2枚組 イェロー 幅100cm丈110cm 小窓 断熱 防寒 防音 省エネ 厚手 無地 おしゃれ 洗える 寝室 リビング用
[log: 2021-06-02-20-30-12] 56件目成功 : GTRACING ゲーミングチェア オフィスチェア デスクチェア ゲーミングチェア クッション ゲーム用チェア リクライニング パソコンチェア ハイバック ヘッドレスト ランバーサポート ひじ掛け付き 高さ調整機能 PUレザー (GT002-ORANGE)
[log: 2021-06-02-20-32-08] 57件目成功 : 東洋アルミ(TOYO ALUMINIUM) ほこり取り ホワイト 5個 パッと貼るだけ! ホコリとりフィルター 換気扇用 5個セット & 整流板付専用パッと貼るだけスーパーフィルター 3074【セット買い】
[log: 2021-06-02-20-34-11] 58件目成功 : アイリスプラザ レースカーテン UVカット プライバシーカット 外から見えにくい 断熱 保温 2枚組 洗える 洗濯機対応 幅100cm×丈98cm フラワー
[log: 2021-06-02-20-36-14] 59件目成功 : HARIO (ハリオ) フィルターインボトル ミニ 300ml オフホワイト FIB-30-OW
[log: 2021-06-02-20-38-17] 60件目成功 : iwaki(イワキ) 耐熱ガラス ボウル 丸型 外径18cm 900ml KBC322
[log: 2021-06-02-20-40-20] 61件目成功 : AYO 枕 ホテル仕様 高反発枕 横向き対応 丸洗い可能 立体構造43x63cm 家族のプレゼント ホワイト(長さ63cm*幅43cm高さ18cm)
[log: 2021-06-02-20-42-23] 62件目成功 : 極涼 敷きパッド 接触冷感 QMAX0.5 夏 ひんやり 抗菌 涼感 3.8倍冷たい 瞬間冷却 クール 吸水速乾 丸洗い tobest ブルー シングル 100x205cm
[log: 2021-06-02-20-42-31] 63件目成功 : 【Amazon.co.jp 限定】スリーエム(3M) キッチン スポンジ 抗菌 キズをつけない ロング 6個 スコッチブライト SS-74K
[log: 2021-06-02-20-44-26] 64件目成功 : タニタ キッチン タイマー マグネット付き 大画面 100分 イエロー TD-384 YL でか見えタイマー
[log: 2021-06-02-20-46-29] 65件目成功 : アイリスオーヤマ 扇風機 タワーファン スリム 左右自動首振り パワフル送風 風量3段階 タイマー付き メカ式 ホワイト TWF-M73
[log: 2021-06-02-20-48-32] 66件目成功 : アイリスオーヤマ LEDシーリングライト 調光 ~6畳 (日本照明工業会基準) 3300lm 直径45cm リモコン 省エネ 取付簡単 CL6D-5.0
[log: 2021-06-02-20-48-39] 67件目成功 : Vacplus ふとん 圧縮袋 3枚組【 100×80cm×3枚 ポンプ付き 終身交換承り】 衣類圧縮袋 布団圧縮袋 ダニ、カビ対策 (100×80cm)
[log: 2021-06-02-20-50-34] 68件目成功 : 下村工業 日本製 ヴェルダン 三徳 包丁 165mm モリブデン バナジウム 鋼 食洗機 対応 OVD-11 新潟 燕三条製 + 【Amazon.co.jp限定】下村工業 日本製 ヴェルダン ブラック ペティ ナイフ 125mm モリブデン バナジウム 鋼 食洗機 対応 OVB-103 新潟 燕三条製【セット買い】
[log: 2021-06-02-20-50-42] 69件目成功 : サーモス 真空断熱タンブラー 340ml ステンレス JDE-340 S
[log: 2021-06-02-20-52-37] 70件目成功 : サーモス デュラブルシリーズ 玉子焼きフライパン 13cm レッド IH対応 KFF-013E R
[log: 2021-06-02-20-52-45] 71件目成功 : 【Amazon.co.jp 限定】 西川 SEVENDAYS 敷きパッド パイル地 シングル 洗える タオル地 ふわふわパイル 綿100% セブンデイズ ブルー PM09000540B
[log: 2021-06-02-20-54-40] 72件目成功 : [KOCOTA] 抗菌防臭素材 スリッパ サンダル 超軽量 滑り止め 男女兼用
[log: 2021-06-02-20-54-48] 73件目成功 : トイレ掃除 スクラビングバブル 流せる トイレブラシ 本体ハンドル1本 + 付け替え用16個セット (4個入り+12個入り) フローラルソープの香り まとめ買い 使い捨て 洗剤
[log: 2021-06-02-20-54-56] 74件目成功 : VK Living カーペット ラグ 洗える 滑り止め付 防ダニ 抗菌 防臭 135×185cm(約1.5畳) 12色選べる 1年中使えるタイプ 北欧 ふわっと手触り 優しいフランネルラグ 絨毯 トライアングル柄・グレー
[log: 2021-06-02-20-55-04] 75件目成功 : 象印 (ZOJIRUSHI) 水筒 ワンタッチ ステンレスマグ シームレス 0.36L アイスグレー SM-WA36-HL
[log: 2021-06-02-20-55-10] 76件目成功 : 【Amazon.co.jp 限定】チチロバ(TITIROBA) ゲルクッション 二重 無重力 クッション 座布団 通気性 ハニカム構造 蒸れない 座り心地 両面使用可能 在宅勤務 テレワーク オフィス 車 椅子 自宅用 夏用 洗える カバー ZD-03
[log: 2021-06-02-20-55-18] 77件目成功 : 山崎実業 キッチンエコスタンド ブラック 約W12×D9.5×H26.5cm タワー 6785
[log: 2021-06-02-20-55-25] 78件目成功 : dretec(ドリテック) パルスオキシメーター オリジナルカラー 酸素濃度計 医療用 家庭用 国内検査済み 一年保証 医療機器認証取得済
[log: 2021-06-02-20-58-46] 79件目成功 : U-miss 首掛け扇風機 ネックファン 携帯 ポータブル 扇風機 USB充電式 3段階風力調節 360°角度調整 ハンズフリー 小型 静音 コンパクト アウトドア 【一年間保証付き】
[log: 2021-06-02-20-58-53] 80件目成功 : SALONIA サロニア ストレートヒートブラシ スリム ブラック 海外対応 MAX210℃ 50W セラミックコーディング 誤作動防止 マイナスイオン
[log: 2021-06-02-20-59-01] 81件目成功 : 【Amazon.co.jp 限定】 西川 リビング タオルケット シングル 綿100% オーガニックコットン 無農薬 西川コットンファーム 洗える グレー PO-11 203271176
[log: 2021-06-02-21-00-49] 82件目成功 : ナイスデイ 【 TEIJIN (帝人) 快適清潔シリーズ 】 肌布団 ケット グレー シングル (150×210cm)ふんわり ふわふわ 羽毛のようなやわらか仕立て オールシーズン使える 抗菌 防臭 肌掛け 布団 キルトケット 春夏用 洗える 86610113
[log: 2021-06-02-21-03-53] 83件目成功 : 【Amazon.co.jp 限定セット】東京 西川 日本製 洗って使える マスク 4枚組 伸縮ニット生地 男女兼用 Lサイズ 100回洗濯OK 繰り返し使える 花粉 対策 UVカット 紫外線対策 飛沫防止 耳が痛くなりにくい 個包装 有害化学物質検査済マスク ホワイト 白 PG90009524W
[log: 2021-06-02-21-04-00] 84件目成功 : 体重計 INSMART 体脂肪計・体組成計 スマホ連動 強化ガラス採用 体重など多項指標 高精度 体重計 Bluetooth対応 ボディスケール(日本語対応APP＆日本語取扱説明書)
[log: 2021-06-02-21-05-56] 85件目成功 : レック 激落ち おそうじスリッパ NEO グリーン S-534
[log: 2021-06-02-21-06-04] 86件目成功 : アイリスオーヤマ カラーボックス 収納ボックス 本棚 3段 幅36.6×奥行29×高さ73.2cm ウォールナットブラウン モジュールボックス MDB-3
[log: 2021-06-02-21-07-59] 87件目成功 : HARIO(ハリオ) 冷蔵庫 ポット オフホワイト 1400ml 日本製 RPLN-14-OW & 耐熱ガラスカップ5個セット 電子レンジ/オーブン/食洗機対応 170ml 日本製 HU-3012【セット買い】
[log: 2021-06-02-21-08-06] 88件目成功 : 高木金属 グリルパン グリルトレー フッ素3層コート ワイド トライプラス GK-W
[log: 2021-06-02-21-10-02] 89件目成功 : 山崎実業 ベーシック 平型アイロン台アルミコート3633 メッシュあて布付き
[log: 2021-06-02-21-10-09] 90件目成功 : ヨシカワ ホットサンドメーカー 焼き目がサクサク シングル フッ素加工 ななめ焼き目 ガス火専用 SJ2408
[log: 2021-06-02-21-12-05] 91件目成功 : IKSTAR クッション 低反発 座布団 座り心地抜群 とって付き プレゼント 持ち運ぶ便利 ブラック
[log: 2021-06-02-21-14-08] 92件目成功 : 山崎実業(Yamazaki) 電子レンジ庫内汚れ防止シリコンマット ブラック 約W35XD29XH0.3cm タワー 耐熱 滑り止め 電子レンジ対応 ランチョンマット 5040
[log: 2021-06-02-21-16-10] 93件目成功 : Vacplus ふとん 圧縮袋 3枚組【 100×80cm×3枚 ポンプ付き 終身交換承り】 衣類圧縮袋 布団圧縮袋 ダニ、カビ対策 (100×80cm)
[log: 2021-06-02-21-16-18] 94件目成功 : 【2019冬限定】SALONIA サロニア セラミック カール ヘアアイロン 海外対応 プロ仕様 MAX210℃ (19mm, ヌーディーピンク)
[log: 2021-06-02-21-16-25] 95件目成功 : クリンビューガラスコートハイブリッドストロング(自動車外窓ガラス及びガラス製ミラーの表面保護・撥水コーティング剤)110ml 20885 & 【クリンビュー】 クリンビューLL ガラスクリーナー【セット買い】
[log: 2021-06-02-21-16-32] 96件目成功 : MyeFoam マットレス 高反発 シングル 敷布団 ベットマットレス ｢超ぐっすりで首、肩や腰の悩みから解放｣ 防ダニ 抗菌防臭 厚さ３cm カバー洗える
[log: 2021-06-02-21-16-39] 97件目成功 : サーモス スポーツ保冷バッグ 3L ブラックオレンジ REY-003 BKOR
[log: 2021-06-02-21-16-46] 98件目成功 : ツインバード サイクロンスティッククリーナー 2WAY 掃除機 スケルトンブラック TC-E123SBK
[log: 2021-06-02-21-18-50] 99件目成功 : HARIO (ハリオ) フィルターイン コーヒーボトル 650ml ショコラブラウン FIC-70 CBR & (ハリオ) フィルターインボトル 750ml オリーブグリーン FIB-75-OG【セット買い】
[log: 2021-06-02-21-18-50] 検索完了しました。
